2016-10-14 13:58:17,607 [Thread-10] ERROR org.eclipse.jgit.util.FS - fatal: Could not switch to '/Applications/Xcode.app/Contents/Developer/usr/etc/': No such file or directory

2016-10-14 15:40:29,930 [Thread-10] ERROR org.eclipse.jgit.util.FS - fatal: Could not switch to '/Applications/Xcode.app/Contents/Developer/usr/etc/': No such file or directory

2016-10-14 15:43:27,187 [Thread-9] ERROR org.eclipse.jgit.util.FS - fatal: Could not switch to '/Applications/Xcode.app/Contents/Developer/usr/etc/': No such file or directory

2016-10-17 12:21:31,500 [Thread-9] ERROR org.eclipse.jgit.util.FS - fatal: Could not switch to '/Applications/Xcode.app/Contents/Developer/usr/etc/': No such file or directory

2016-10-25 09:24:22,116 [Thread-10] ERROR org.eclipse.jgit.util.FS - fatal: Could not switch to '/Applications/Xcode.app/Contents/Developer/usr/etc/': No such file or directory

2016-10-25 10:07:50,595 [Thread-9] ERROR org.eclipse.jgit.util.FS - fatal: Could not switch to '/Applications/Xcode.app/Contents/Developer/usr/etc/': No such file or directory

2016-10-25 10:46:06,915 [Thread-13] ERROR org.eclipse.jgit.util.FS - fatal: Could not switch to '/Applications/Xcode.app/Contents/Developer/usr/etc/': No such file or directory

2016-10-25 10:50:46,009 [Thread-11] ERROR org.eclipse.jgit.util.FS - fatal: Could not switch to '/Applications/Xcode.app/Contents/Developer/usr/etc/': No such file or directory

2016-11-11 11:34:56,297 [Thread-11] ERROR org.eclipse.jgit.util.FS - fatal: Could not switch to '/Applications/Xcode.app/Contents/Developer/usr/etc/': No such file or directory

2016-11-11 13:45:10,212 [Thread-10] ERROR org.eclipse.jgit.util.FS - fatal: Could not switch to '/Applications/Xcode.app/Contents/Developer/usr/etc/': No such file or directory

2016-11-13 09:59:18,395 [Thread-11] ERROR org.eclipse.jgit.util.FS - fatal: Could not switch to '/Applications/Xcode.app/Contents/Developer/usr/etc/': No such file or directory

2016-11-13 10:13:47,860 [Thread-10] ERROR org.eclipse.jgit.util.FS - fatal: Could not switch to '/Applications/Xcode.app/Contents/Developer/usr/etc/': No such file or directory

2016-11-13 12:23:21,224 [Thread-10] ERROR org.eclipse.jgit.util.FS - fatal: Could not switch to '/Applications/Xcode.app/Contents/Developer/usr/etc/': No such file or directory

2016-11-13 13:44:21,800 [Thread-10] ERROR org.eclipse.jgit.util.FS - fatal: Could not switch to '/Applications/Xcode.app/Contents/Developer/usr/etc/': No such file or directory

2016-11-14 10:00:44,112 [Thread-13] ERROR org.eclipse.jgit.util.FS - fatal: Could not switch to '/Applications/Xcode.app/Contents/Developer/usr/etc/': No such file or directory

2016-11-14 10:20:21,118 [Start Help Server] INFO  org.eclipse.jetty.util.log - Logging initialized @1192117ms
2016-11-14 10:20:21,290 [Start Help Server] INFO  org.eclipse.jetty.server.Server - jetty-9.3.9.v20160517
2016-11-14 10:20:21,354 [Start Help Server] INFO  o.e.j.server.handler.ContextHandler - Started o.e.j.s.ServletContextHandler@4746a97c{/help,null,AVAILABLE}
2016-11-14 10:20:21,366 [Start Help Server] INFO  o.e.jetty.server.AbstractConnector - Started ServerConnector@319eb223{HTTP/1.1,[http/1.1]}{127.0.0.1:54373}
2016-11-14 10:20:21,366 [Start Help Server] INFO  org.eclipse.jetty.server.Server - Started @1192366ms
2016-11-14 14:14:08,161 [Stop Help Server] INFO  o.e.jetty.server.AbstractConnector - Stopped ServerConnector@319eb223{HTTP/1.1,[http/1.1]}{127.0.0.1:0}
2016-11-14 14:14:08,172 [Stop Help Server] INFO  o.e.j.server.handler.ContextHandler - Stopped o.e.j.s.ServletContextHandler@4746a97c{/help,null,UNAVAILABLE}
2016-11-14 15:27:01,853 [Thread-10] ERROR org.eclipse.jgit.util.FS - fatal: Could not switch to '/Applications/Xcode.app/Contents/Developer/usr/etc/': No such file or directory

2016-11-14 21:09:10,896 [Thread-13] ERROR org.eclipse.jgit.util.FS - fatal: Could not switch to '/Applications/Xcode.app/Contents/Developer/usr/etc/': No such file or directory

2016-11-14 22:42:32,905 [Thread-11] ERROR org.eclipse.jgit.util.FS - fatal: Could not switch to '/Applications/Xcode.app/Contents/Developer/usr/etc/': No such file or directory

2016-11-15 09:11:27,531 [Thread-12] ERROR org.eclipse.jgit.util.FS - fatal: Could not switch to '/Applications/Xcode.app/Contents/Developer/usr/etc/': No such file or directory

2016-11-15 09:30:58,487 [Thread-10] ERROR org.eclipse.jgit.util.FS - fatal: Could not switch to '/Applications/Xcode.app/Contents/Developer/usr/etc/': No such file or directory

2016-11-15 12:33:22,020 [Thread-11] ERROR org.eclipse.jgit.util.FS - fatal: Could not switch to '/Applications/Xcode.app/Contents/Developer/usr/etc/': No such file or directory

2016-11-15 16:09:23,158 [Thread-10] ERROR org.eclipse.jgit.util.FS - fatal: Could not switch to '/Applications/Xcode.app/Contents/Developer/usr/etc/': No such file or directory

2016-11-16 14:36:41,624 [Thread-12] ERROR org.eclipse.jgit.util.FS - fatal: Could not switch to '/Applications/Xcode.app/Contents/Developer/usr/etc/': No such file or directory

2016-11-17 15:58:49,026 [Thread-14] ERROR org.eclipse.jgit.util.FS - fatal: Could not switch to '/Applications/Xcode.app/Contents/Developer/usr/etc/': No such file or directory

2016-11-17 21:13:43,797 [Thread-13] ERROR org.eclipse.jgit.util.FS - fatal: Could not switch to '/Applications/Xcode.app/Contents/Developer/usr/etc/': No such file or directory

2016-11-18 11:10:42,955 [Thread-13] ERROR org.eclipse.jgit.util.FS - fatal: Could not switch to '/Applications/Xcode.app/Contents/Developer/usr/etc/': No such file or directory

